<?xml version="1.0" encoding="UTF-8"?>
<testsuite name="TestSuite" time="148.705" tests="1" errors="0" skipped="0" failures="1">
  <properties>
    <property name="java.vendor" value="Oracle Corporation"/>
    <property name="JOB_NAME" value="GladstoneTest"/>
    <property name="sun.java.launcher" value="SUN_STANDARD"/>
    <property name="NUMBER_OF_PROCESSORS" value="4"/>
    <property name="sun.management.compiler" value="HotSpot 64-Bit Tiered Compilers"/>
    <property name="JENKINS_HOME" value="C:\Program Files (x86)\Jenkins"/>
    <property name="HUDSON_SERVER_COOKIE" value="d7b3ffd57851b0bb"/>
    <property name="POM_ARTIFACTID" value="GladStoneWebDriverTest"/>
    <property name="os.name" value="Windows 10"/>
    <property name="sun.boot.class.path" value="C:\Program Files\Java\jdk1.8.0_181\jre\lib\resources.jar;C:\Program Files\Java\jdk1.8.0_181\jre\lib\rt.jar;C:\Program Files\Java\jdk1.8.0_181\jre\lib\sunrsasign.jar;C:\Program Files\Java\jdk1.8.0_181\jre\lib\jsse.jar;C:\Program Files\Java\jdk1.8.0_181\jre\lib\jce.jar;C:\Program Files\Java\jdk1.8.0_181\jre\lib\charsets.jar;C:\Program Files\Java\jdk1.8.0_181\jre\lib\jfr.jar;C:\Program Files\Java\jdk1.8.0_181\jre\classes"/>
    <property name="EXECUTOR_NUMBER" value="1"/>
    <property name="sun.desktop" value="windows"/>
    <property name="PATHEXT" value=".COM;.EXE;.BAT;.CMD;.VBS;.VBE;.JS;.JSE;.WSF;.WSH;.MSC"/>
    <property name="java.vm.specification.vendor" value="Oracle Corporation"/>
    <property name="POM_DISPLAYNAME" value="GladStone"/>
    <property name="NODE_LABELS" value="master"/>
    <property name="TEMP" value="C:\WINDOWS\TEMP"/>
    <property name="java.runtime.version" value="1.8.0_181-b13"/>
    <property name="ANT_HOME" value="C:\Program Files\apache-ant-1.10.3"/>
    <property name="WINSW_SERVICE_ID" value="Jenkins"/>
    <property name="user.name" value="DESKTOP-7BIFSQS$"/>
    <property name="guice.disable.misplaced.annotation.check" value="true"/>
    <property name="CommonProgramW6432" value="C:\Program Files\Common Files"/>
    <property name="ProgramFiles" value="C:\Program Files (x86)"/>
    <property name="user.language" value="en"/>
    <property name="JOB_BASE_NAME" value="GladstoneTest"/>
    <property name="RUN_CHANGES_DISPLAY_URL" value="http://192.168.173.1:8080/job/GladstoneTest/8/display/redirect?page=changes"/>
    <property name="BUILD_DISPLAY_NAME" value="#8"/>
    <property name="sun.boot.library.path" value="C:\Program Files\Java\jdk1.8.0_181\jre\bin"/>
    <property name="GIT_PREVIOUS_SUCCESSFUL_COMMIT" value="9b0f0d0ee61af2fa557d16398fb05dbbf66c826f"/>
    <property name="LOCALAPPDATA" value="C:\WINDOWS\system32\config\systemprofile\AppData\Local"/>
    <property name="java.version" value="1.8.0_181"/>
    <property name="PROCESSOR_LEVEL" value="6"/>
    <property name="user.timezone" value="America/Los_Angeles"/>
    <property name="USERNAME" value="DESKTOP-7BIFSQS$"/>
    <property name="sun.arch.data.model" value="64"/>
    <property name="NODE_NAME" value="master"/>
    <property name="PROCESSOR_ARCHITEW6432" value="AMD64"/>
    <property name="java.endorsed.dirs" value="C:\Program Files\Java\jdk1.8.0_181\jre\lib\endorsed"/>
    <property name="BUILD_ID" value="8"/>
    <property name="sun.cpu.isalist" value="amd64"/>
    <property name="sun.jnu.encoding" value="Cp1252"/>
    <property name="file.encoding.pkg" value="sun.io"/>
    <property name="file.separator" value="\"/>
    <property name="java.specification.name" value="Java Platform API Specification"/>
    <property name="maven.conf" value="C:\apache-maven-3.5.2\conf"/>
    <property name="java.class.version" value="52.0"/>
    <property name="org.slf4j.simpleLogger.defaultLogLevel" value="info"/>
    <property name="user.country" value="US"/>
    <property name="ALLUSERSPROFILE" value="C:\ProgramData"/>
    <property name="java.home" value="C:\Program Files\Java\jdk1.8.0_181\jre"/>
    <property name="java.vm.info" value="mixed mode"/>
    <property name="os.version" value="10.0"/>
    <property name="RUN_DISPLAY_URL" value="http://192.168.173.1:8080/job/GladstoneTest/8/display/redirect"/>
    <property name="POM_VERSION" value="0.0.1-SNAPSHOT"/>
    <property name="TMP" value="C:\WINDOWS\TEMP"/>
    <property name="path.separator" value=";"/>
    <property name="java.vm.version" value="25.181-b13"/>
    <property name="user.variant" value=""/>
    <property name="GIT_PREVIOUS_COMMIT" value="4b40aa6d2103200089b4e3ec75efcf8aa3ce9967"/>
    <property name="JOB_DISPLAY_URL" value="http://192.168.173.1:8080/job/GladstoneTest/display/redirect"/>
    <property name="CommonProgramFiles(x86)" value="C:\Program Files (x86)\Common Files"/>
    <property name="java.awt.printerjob" value="sun.awt.windows.WPrinterJob"/>
    <property name="JAVA_HOME" value="C:\Program Files\Java\jdk1.8.0_181"/>
    <property name="sun.io.unicode.encoding" value="UnicodeLittle"/>
    <property name="CommonProgramFiles" value="C:\Program Files (x86)\Common Files"/>
    <property name="ComSpec" value="C:\WINDOWS\system32\cmd.exe"/>
    <property name="awt.toolkit" value="sun.awt.windows.WToolkit"/>
    <property name="POM_PACKAGING" value="jar"/>
    <property name="user.script" value=""/>
    <property name="SERVICE_ID" value="Jenkins"/>
    <property name="COMPUTERNAME" value="DESKTOP-7BIFSQS"/>
    <property name="POM_GROUPID" value="GladStoneWebDriverTest"/>
    <property name="user.home" value="C:\WINDOWS\system32\config\systemprofile"/>
    <property name="PUBLIC" value="C:\Users\Public"/>
    <property name="BUILD_TAG" value="jenkins-GladstoneTest-8"/>
    <property name="JENKINS_SERVER_COOKIE" value="d7b3ffd57851b0bb"/>
    <property name="HUDSON_URL" value="http://192.168.173.1:8080/"/>
    <property name="ProgramData" value="C:\ProgramData"/>
    <property name="java.specification.vendor" value="Oracle Corporation"/>
    <property name="USERPROFILE" value="C:\WINDOWS\system32\config\systemprofile"/>
    <property name="CLASSPATH" value=""/>
    <property name="java.vendor.url" value="http://java.oracle.com/"/>
    <property name="java.library.path" value="C:\Program Files\Java\jdk1.8.0_181\bin;C:\WINDOWS\Sun\Java\bin;C:\WINDOWS\system32;C:\WINDOWS;C:\apache-maven-3.5.2/bin;C:\Program Files\Java\jdk1.8.0_181/bin;C:\Program Files\Java\jdk1.8.0_181/bin;C:\Program Files\Docker\Docker\Resources\bin;C:\Program Files\apache-ant-1.10.3\bin;C:\Program Files (x86)\Common Files\Oracle\Java\javapath;C:\ProgramData\Oracle\Java\javapath;C:\WINDOWS\system32;C:\WINDOWS;C:\WINDOWS\System32\Wbem;C:\WINDOWS\System32\WindowsPowerShell\v1.0\;C:\Program Files\Git\cmd;C:\Program Files\Git\mingw64\bin;C:\Program Files\Git\usr\bin;C:\WINDOWS\System32\OpenSSH\;C:\WINDOWS\system32\config\systemprofile\AppData\Local\Microsoft\WindowsApps;."/>
    <property name="java.vm.vendor" value="Oracle Corporation"/>
    <property name="APPDATA" value="C:\WINDOWS\system32\config\systemprofile\AppData\Roaming"/>
    <property name="java.runtime.name" value="Java(TM) SE Runtime Environment"/>
    <property name="maven.home" value="C:\apache-maven-3.5.2"/>
    <property name="java.class.path" value="C:\Program Files (x86)\Jenkins\plugins\maven-plugin\WEB-INF\lib\maven35-agent-1.12-alpha-1.jar;C:\apache-maven-3.5.2\boot\plexus-classworlds-2.5.2.jar;C:\apache-maven-3.5.2/conf/logging"/>
    <property name="sun.java.command" value="jenkins.maven3.agent.Maven35Main C:\apache-maven-3.5.2 C:\Program Files (x86)\Jenkins\war\WEB-INF\lib\remoting-3.21.1.jar C:\Program Files (x86)\Jenkins\plugins\maven-plugin\WEB-INF\lib\maven35-interceptor-1.12-alpha-1.jar C:\Program Files (x86)\Jenkins\plugins\maven-plugin\WEB-INF\lib\maven3-interceptor-commons-1.12-alpha-1.jar 58086"/>
    <property name="Path" value="C:\Program Files\Java\jdk1.8.0_181/bin;C:\Program Files\Docker\Docker\Resources\bin;C:\Program Files\apache-ant-1.10.3\bin;C:\Program Files (x86)\Common Files\Oracle\Java\javapath;C:\ProgramData\Oracle\Java\javapath;C:\WINDOWS\system32;C:\WINDOWS;C:\WINDOWS\System32\Wbem;C:\WINDOWS\System32\WindowsPowerShell\v1.0\;C:\Program Files\Git\cmd;C:\Program Files\Git\mingw64\bin;C:\Program Files\Git\usr\bin;C:\WINDOWS\System32\OpenSSH\;C:\WINDOWS\system32\config\systemprofile\AppData\Local\Microsoft\WindowsApps"/>
    <property name="java.vm.specification.name" value="Java Virtual Machine Specification"/>
    <property name="PROCESSOR_ARCHITECTURE" value="x86"/>
    <property name="PATH+JDK" value="C:\Program Files\Java\jdk1.8.0_181/bin"/>
    <property name="PROCESSOR_IDENTIFIER" value="Intel64 Family 6 Model 78 Stepping 3, GenuineIntel"/>
    <property name="java.vm.specification.version" value="1.8"/>
    <property name="sun.os.patch.level" value=""/>
    <property name="sun.cpu.endian" value="little"/>
    <property name="M2_HOME" value="C:\apache-maven-3.5.2"/>
    <property name="java.io.tmpdir" value="C:\WINDOWS\TEMP\"/>
    <property name="OS" value="Windows_NT"/>
    <property name="HUDSON_HOME" value="C:\Program Files (x86)\Jenkins"/>
    <property name="PATH+MAVEN" value="C:\apache-maven-3.5.2/bin"/>
    <property name="ProgramFiles(x86)" value="C:\Program Files (x86)"/>
    <property name="BUILD_URL" value="http://192.168.173.1:8080/job/GladstoneTest/8/"/>
    <property name="java.vendor.url.bug" value="http://bugreport.sun.com/bugreport/"/>
    <property name="java.awt.graphicsenv" value="sun.awt.Win32GraphicsEnvironment"/>
    <property name="os.arch" value="amd64"/>
    <property name="SystemRoot" value="C:\WINDOWS"/>
    <property name="java.ext.dirs" value="C:\Program Files\Java\jdk1.8.0_181\jre\lib\ext;C:\WINDOWS\Sun\Java\lib\ext"/>
    <property name="user.dir" value="C:\Software\Selenium_workspace\GladStoneWebDriverTest"/>
    <property name="JOB_URL" value="http://192.168.173.1:8080/job/GladstoneTest/"/>
    <property name="USERDOMAIN" value="WORKGROUP"/>
    <property name="line.separator" value="&#10;"/>
    <property name="MAVEN_HOME" value="C:\apache-maven-3.5.2"/>
    <property name="java.vm.name" value="Java HotSpot(TM) 64-Bit Server VM"/>
    <property name="BUILD_NUMBER" value="8"/>
    <property name="BASE" value="C:\Program Files (x86)\Jenkins"/>
    <property name="JENKINS_URL" value="http://192.168.173.1:8080/"/>
    <property name="PROCESSOR_REVISION" value="4e03"/>
    <property name="GIT_BRANCH" value="origin/master"/>
    <property name="ProgramW6432" value="C:\Program Files"/>
    <property name="windir" value="C:\WINDOWS"/>
    <property name="GIT_COMMIT" value="4b40aa6d2103200089b4e3ec75efcf8aa3ce9967"/>
    <property name="file.encoding" value="Cp1252"/>
    <property name="SystemDrive" value="C:"/>
    <property name="maven3.interceptor" value="C:\Program Files (x86)\Jenkins\plugins\maven-plugin\WEB-INF\lib\maven35-interceptor-1.12-alpha-1.jar"/>
    <property name="WORKSPACE" value="C:\Program Files (x86)\Jenkins\workspace\GladstoneTest"/>
    <property name="maven3.interceptor.common" value="C:\Program Files (x86)\Jenkins\plugins\maven-plugin\WEB-INF\lib\maven3-interceptor-commons-1.12-alpha-1.jar"/>
    <property name="WINSW_EXECUTABLE" value="C:\Program Files (x86)\Jenkins\jenkins.exe"/>
    <property name="java.specification.version" value="1.8"/>
    <property name="PSModulePath" value="C:\Program Files\WindowsPowerShell\Modules;C:\WINDOWS\system32\WindowsPowerShell\v1.0\Modules"/>
    <property name="DriverData" value="C:\Windows\System32\Drivers\DriverData"/>
    <property name="GIT_URL" value="https://github.com/pushpendrasolanki/GladStone.git"/>
  </properties>
  <testcase name="launchpad" classname="com.test.mainlinetestvismc.testcases.StartApplicationAndLoginTest" time="148.705">
    <failure type="java.lang.AssertionError:">java.lang.AssertionError: 
	at org.testng.AssertJUnit.fail(AssertJUnit.java:59)
	at org.testng.AssertJUnit.assertTrue(AssertJUnit.java:24)
	at org.testng.AssertJUnit.assertTrue(AssertJUnit.java:33)
	at com.test.mainlinetestvismc.testcases.StartApplicationAndLoginTest.launchpad(StartApplicationAndLoginTest.java:100)
</failure>
    <system-out>201030.0
201030.0
47600.0
9.999888879E9
9.999888869E9
9.999777759E9
</system-out>
    <system-err>1537480256161	geckodriver	INFO	geckodriver 0.21.0
1537480256189	geckodriver	INFO	Listening on 127.0.0.1:49105
log4j:WARN No appenders could be found for logger (org.apache.http.client.protocol.RequestAddCookies).
log4j:WARN Please initialize the log4j system properly.
log4j:WARN See http://logging.apache.org/log4j/1.2/faq.html#noconfig for more info.
1537480256977	mozrunner::runner	INFO	Running command: "C:\\Program Files\\Mozilla Firefox\\firefox.exe" "-marionette" "-foreground" "-no-remote" "-profile" "C:\\WINDOWS\\TEMP\\rust_mozprofile.3K0IVpuMpsCy"
1537480270558	Marionette	INFO	Listening on port 58156
1537480270605	Marionette	WARN	TLS certificate errors will be ignored for this session
1537480270661	Marionette	DEBUG	[6442450945] Frame script loaded
1537480270809	Marionette	DEBUG	[6442450945] Frame script registered
Sep 20, 2018 2:51:11 PM org.openqa.selenium.remote.ProtocolHandshake createSession
INFO: Detected dialect: W3C
1537480272224	Marionette	DEBUG	[6442450945] Received DOM event beforeunload for about:blank
1537480274478	Marionette	DEBUG	[6442450945] Received DOM event pagehide for about:blank
JavaScript warning: https://www.googletagmanager.com/gtag/js, line 74: unreachable code after return statement
JavaScript warning: https://www.googletagmanager.com/gtag/js, line 74: unreachable code after return statement
1537480278983	Marionette	DEBUG	[6442450945] Received DOM event pageshow for https://mainlinetest.vismc.com/gladstone/portal/bloom/login/pages/login_userName.html
1537480278993	Marionette	DEBUG	[6442450945] Received DOM event beforeunload for https://mainlinetest.vismc.com/gladstone/portal/bloom/login/pages/login_userName.html
1537480279013	Marionette	DEBUG	[6442450945] Received DOM event DOMContentLoaded for https://mainlinetest.vismc.com/gladstone/portal/bloom/login/pages/login_userName.html
1537480279196	Marionette	DEBUG	[6442450945] Received DOM event unload for https://mainlinetest.vismc.com/gladstone/portal/bloom/login/pages/login_userName.html
1537480282686	Marionette	DEBUG	[6442450945] Received DOM event DOMContentLoaded for https://mainlinetest.vismc.com/gladstone/portal/bloom/login/pages/login_userName.html
JavaScript warning: https://www.googletagmanager.com/gtag/js, line 74: unreachable code after return statement
JavaScript warning: https://www.googletagmanager.com/gtag/js, line 74: unreachable code after return statement
1537480283817	Marionette	DEBUG	[6442450945] Received DOM event pageshow for https://mainlinetest.vismc.com/gladstone/portal/bloom/login/pages/login_userName.html
1537480297561	Marionette	DEBUG	[6442450945] Canceled page load listener because no navigation has been detected
JavaScript error: https://mainlinetest.vismc.com/gladstone/portal/bloom/common/script/js/auth-helper.js, line 186: TypeError: data.responseJSON is undefined
JavaScript warning: https://www.googletagmanager.com/gtag/js, line 74: unreachable code after return statement
JavaScript warning: https://www.googletagmanager.com/gtag/js, line 74: unreachable code after return statement
1537480309278	Marionette	DEBUG	[6442450945] Received DOM event beforeunload for https://mainlinetest.vismc.com/gladstone/portal/bloom/login/pages/login_userName.html?errorMsg=error
1537480309639	Marionette	DEBUG	[6442450945] Received DOM event pagehide for https://mainlinetest.vismc.com/gladstone/portal/bloom/login/pages/login_userName.html?errorMsg=error
1537480309641	Marionette	DEBUG	[6442450945] Received DOM event unload for https://mainlinetest.vismc.com/gladstone/portal/bloom/login/pages/login_userName.html?errorMsg=error
1537480311945	Marionette	DEBUG	[6442450945] Received DOM event pageshow for https://mainlinetest.vismc.com/gladstone/portal/bloom/login/pages/login_userName.html
1537480311958	Marionette	DEBUG	[6442450945] Received DOM event beforeunload for https://mainlinetest.vismc.com/gladstone/portal/bloom/login/pages/login_userName.html
1537480311984	Marionette	DEBUG	[6442450945] Received DOM event DOMContentLoaded for https://mainlinetest.vismc.com/gladstone/portal/bloom/login/pages/login_userName.html
1537480311998	Marionette	DEBUG	[6442450945] Received DOM event unload for https://mainlinetest.vismc.com/gladstone/portal/bloom/login/pages/login_userName.html
1537480313750	Marionette	DEBUG	[6442450945] Received DOM event DOMContentLoaded for https://mainlinetest.vismc.com/gladstone/portal/bloom/login/pages/login_userName.html
JavaScript warning: https://www.googletagmanager.com/gtag/js, line 74: unreachable code after return statement
JavaScript warning: https://www.googletagmanager.com/gtag/js, line 74: unreachable code after return statement
1537480314462	Marionette	DEBUG	[6442450945] Received DOM event pageshow for https://mainlinetest.vismc.com/gladstone/portal/bloom/login/pages/login_userName.html
1537480330246	Marionette	DEBUG	[6442450945] Canceled page load listener because no navigation has been detected
JavaScript warning: https://www.googletagmanager.com/gtag/js, line 74: unreachable code after return statement
JavaScript warning: https://www.googletagmanager.com/gtag/js, line 74: unreachable code after return statement
JavaScript warning: https://www.googletagmanager.com/gtag/js, line 74: unreachable code after return statement
</system-err>
  </testcase>
</testsuite>